{
    "timestamp": "2026-03-05 07:30:16",
    "message": "Database connection failed",
    "context": {
        "error": "SQLSTATE[HY000] [1045] Access denied for user 'u218702675_cartdrawer'@'localhost' (using password: YES)"
    }
}
---
{
    "timestamp": "2026-03-05 07:30:31",
    "message": "Database connection failed",
    "context": {
        "error": "SQLSTATE[HY000] [1045] Access denied for user 'u218702675_cartdrawer'@'localhost' (using password: YES)"
    }
}
---
{
    "timestamp": "2026-03-05 07:44:52",
    "message": "Database connection failed",
    "context": {
        "error": "SQLSTATE[HY000] [1045] Access denied for user 'u218702675_cartdrawer'@'localhost' (using password: YES)"
    }
}
---
{
    "timestamp": "2026-03-05 07:45:24",
    "message": "Database connection failed",
    "context": {
        "error": "SQLSTATE[HY000] [1045] Access denied for user 'u218702675_cartdrawer'@'localhost' (using password: YES)"
    }
}
---
